<?xml version="1.0" encoding="UTF-8"?>
<!-- Generated by org.testng.reporters.JUnitXMLReporter -->
<testsuite ignored="0" hostname="Gökçe" failures="0" tests="3" name="Default test" time="35.762" errors="0" timestamp="06 May 2024 12:06:55 GMT">
  <testcase classname="timberworld.tests.SubmitOrderTest" name="submitOrder" time="20.961">
    <skipped/>
  </testcase> <!-- submitOrder -->
  <testcase classname="timberworld.tests.SubmitOrderTest" name="submitOrder" time="1.56"/>
  <testcase classname="timberworld.tests.SubmitOrderTest" name="submitOrder" time="1.503"/>
</testsuite> <!-- Default test -->
