<?xml version="1.0" encoding="UTF-8"?>
<!-- Generated by org.testng.reporters.JUnitXMLReporter -->
<testsuite ignored="0" hostname="Gökçe" failures="0" tests="2" name="Error Validation Tests" time="9.223" errors="0" timestamp="20 Jun 2024 11:55:37 GMT">
  <testcase classname="timberworld.tests.ErrorValidationTest" name="ErrorValidation" time="0.684"/>
  <testcase classname="timberworld.tests.ErrorValidation2Test" name="ErrorValidation2" time="4.269"/>
</testsuite> <!-- Error Validation Tests -->
