<?xml version="1.0" encoding="UTF-8"?>
<!-- Generated by org.testng.reporters.JUnitXMLReporter -->
<testsuite ignored="0" hostname="Gökçe" failures="0" tests="1" name="Error Validation Test" time="0.003" errors="0" timestamp="06 May 2024 11:59:51 GMT">
  <testcase classname="timberworld.TestComponents.BaseTest" name="@BeforeMethod launchApplication" time="0.0">
    <failure type="java.lang.NullPointerException" message="Cannot invoke &amp;quot;org.openqa.selenium.WebDriver.manage()&amp;quot; because &amp;quot;this.driver&amp;quot; is null">
      <![CDATA[java.lang.NullPointerException: Cannot invoke "org.openqa.selenium.WebDriver.manage()" because "this.driver" is null
	at timberworld.TestComponents.BaseTest.initializeDriver(BaseTest.java:61)
	at timberworld.TestComponents.BaseTest.launchApplication(BaseTest.java:69)
... Removed 27 stack frames]]>
    </failure>
  </testcase> <!-- @BeforeMethod launchApplication -->
  <testcase classname="timberworld.tests.ErrorValidationTest" name="ErrorValidation" time="0.0">
    <skipped/>
  </testcase> <!-- ErrorValidation -->
</testsuite> <!-- Error Validation Test -->
