<?xml version="1.0" encoding="UTF-8"?>
<!-- Generated by org.testng.reporters.JUnitXMLReporter -->
<testsuite ignored="0" hostname="Gökçe" failures="1" tests="3" name="Submit Order Test" time="12.521" errors="0" timestamp="2024-05-06T13:33:43 CEST">
  <testcase classname="timberworld.tests.SubmitOrderTest" name="submitOrder" time="1.727"/>
  <testcase classname="timberworld.tests.SubmitOrderTest" name="submitOrder" time="0.916">
    <skipped/>
  </testcase> <!-- submitOrder -->
  <testcase classname="timberworld.tests.SubmitOrderTest" name="submitOrder" time="1.087">
    <failure type="java.lang.NullPointerException" message="Cannot invoke &amp;quot;org.openqa.selenium.WebElement.click()&amp;quot; because &amp;quot;prod&amp;quot; is null">
      <![CDATA[java.lang.NullPointerException: Cannot invoke "org.openqa.selenium.WebElement.click()" because "prod" is null
at PageObjects.ShoppingPage.goToProductPage(ShoppingPage.java:49)
at timberworld.tests.SubmitOrderTest.submitOrder(SubmitOrderTest.java:38)
at java.base/java.util.ArrayList.forEach(ArrayList.java:1596)
... Removed 29 stack frames]]>
    </failure>
  </testcase> <!-- submitOrder -->
</testsuite> <!-- Submit Order Test -->
