<?xml version="1.0" encoding="UTF-8"?>
<testng-results ignored="0" total="2" passed="2" failed="0" skipped="0">
  <reporter-output>
  </reporter-output>
  <suite started-at="2024-05-07T12:06:35Z" name="Default suite" finished-at="2024-05-07T12:06:43Z" duration-ms="8415">
    <groups>
    </groups>
    <test started-at="2024-05-07T12:06:35Z" name="Default test" finished-at="2024-05-07T12:06:43Z" duration-ms="8415">
      <class name="timberworld.tests.SubmitOrderTest">
        <test-method is-config="true" signature="launchApplication()[pri:0, instance:timberworld.tests.SubmitOrderTest@363a52f]" started-at="2024-05-07T14:06:35Z" name="launchApplication" finished-at="2024-05-07T14:06:37Z" duration-ms="2383" status="PASS">
          <reporter-output>
          </reporter-output>
        </test-method> <!-- launchApplication -->
        <test-method signature="submitOrder(java.util.HashMap)[pri:0, instance:timberworld.tests.SubmitOrderTest@363a52f]" started-at="2024-05-07T14:06:37Z" name="submitOrder" data-provider="getData" finished-at="2024-05-07T14:06:39Z" duration-ms="1764" status="PASS">
          <params>
            <param index="0">
              <value>
                <![CDATA[{password=Abcd1234, cvv=111, name=berna, expd=01/28, credit=44444, email=bernagokcebilge@gmail.com, productName=Sofa Vissle}]]>
              </value>
            </param>
          </params>
          <reporter-output>
          </reporter-output>
        </test-method> <!-- submitOrder -->
        <test-method is-config="true" signature="tearDown()[pri:0, instance:timberworld.tests.SubmitOrderTest@363a52f]" started-at="2024-05-07T14:06:39Z" name="tearDown" finished-at="2024-05-07T14:06:39Z" duration-ms="93" status="PASS">
          <reporter-output>
          </reporter-output>
        </test-method> <!-- tearDown -->
        <test-method is-config="true" signature="launchApplication()[pri:0, instance:timberworld.tests.SubmitOrderTest@363a52f]" started-at="2024-05-07T14:06:39Z" name="launchApplication" finished-at="2024-05-07T14:06:42Z" duration-ms="2278" status="PASS">
          <reporter-output>
          </reporter-output>
        </test-method> <!-- launchApplication -->
        <test-method signature="submitOrder(java.util.HashMap)[pri:0, instance:timberworld.tests.SubmitOrderTest@363a52f]" started-at="2024-05-07T14:06:42Z" name="submitOrder" data-provider="getData" finished-at="2024-05-07T14:06:43Z" duration-ms="1599" status="PASS">
          <params>
            <param index="0">
              <value>
                <![CDATA[{password=Abcd1234, cvv=111, name=berna, expd=01/28, credit=44444, email=bernagokcebilge@gmail.com, productName=Double sofa}]]>
              </value>
            </param>
          </params>
          <reporter-output>
          </reporter-output>
        </test-method> <!-- submitOrder -->
        <test-method is-config="true" signature="tearDown()[pri:0, instance:timberworld.tests.SubmitOrderTest@363a52f]" started-at="2024-05-07T14:06:43Z" name="tearDown" finished-at="2024-05-07T14:06:43Z" duration-ms="128" status="PASS">
          <reporter-output>
          </reporter-output>
        </test-method> <!-- tearDown -->
      </class> <!-- timberworld.tests.SubmitOrderTest -->
    </test> <!-- Default test -->
  </suite> <!-- Default suite -->
</testng-results>
