<?xml version="1.0" encoding="UTF-8"?>
<testng-results ignored="0" total="5" passed="5" failed="0" skipped="0">
  <reporter-output>
  </reporter-output>
  <suite started-at="2024-06-20T11:55:11Z" name="Suite" finished-at="2024-06-20T11:55:37Z" duration-ms="25258">
    <groups>
    </groups>
    <test started-at="2024-06-20T11:55:11Z" name="Submit Order Test" finished-at="2024-06-20T11:55:20Z" duration-ms="8607">
      <class name="timberworld.tests.SubmitOrderTest">
        <test-method is-config="true" signature="launchApplication()[pri:0, instance:timberworld.tests.SubmitOrderTest@69f1a286]" started-at="2024-06-20T13:55:12Z" name="launchApplication" finished-at="2024-06-20T13:55:14Z" duration-ms="2675" status="PASS">
          <reporter-output>
          </reporter-output>
        </test-method> <!-- launchApplication -->
        <test-method signature="submitOrder(java.util.HashMap)[pri:0, instance:timberworld.tests.SubmitOrderTest@69f1a286]" started-at="2024-06-20T13:55:14Z" name="submitOrder" data-provider="getData" finished-at="2024-06-20T13:55:16Z" duration-ms="1543" status="PASS">
          <params>
            <param index="0">
              <value>
                <![CDATA[{password=Abcd1234, cvv=111, name=berna, expd=01/28, credit=44444, email=bernagokcebilge@gmail.com, productName=Sofa Vissle}]]>
              </value>
            </param>
          </params>
          <reporter-output>
          </reporter-output>
        </test-method> <!-- submitOrder -->
        <test-method is-config="true" signature="tearDown()[pri:0, instance:timberworld.tests.SubmitOrderTest@69f1a286]" started-at="2024-06-20T13:55:16Z" name="tearDown" finished-at="2024-06-20T13:55:16Z" duration-ms="129" status="PASS">
          <reporter-output>
          </reporter-output>
        </test-method> <!-- tearDown -->
        <test-method is-config="true" signature="launchApplication()[pri:0, instance:timberworld.tests.SubmitOrderTest@69f1a286]" started-at="2024-06-20T13:55:16Z" name="launchApplication" finished-at="2024-06-20T13:55:18Z" duration-ms="2263" status="PASS">
          <reporter-output>
          </reporter-output>
        </test-method> <!-- launchApplication -->
        <test-method signature="submitOrder(java.util.HashMap)[pri:0, instance:timberworld.tests.SubmitOrderTest@69f1a286]" started-at="2024-06-20T13:55:18Z" name="submitOrder" data-provider="getData" finished-at="2024-06-20T13:55:20Z" duration-ms="1729" status="PASS">
          <params>
            <param index="0">
              <value>
                <![CDATA[{password=Abcd1234, cvv=111, name=berna, expd=01/28, credit=44444, email=bernagokcebilge@gmail.com, productName=Double sofa}]]>
              </value>
            </param>
          </params>
          <reporter-output>
          </reporter-output>
        </test-method> <!-- submitOrder -->
        <test-method is-config="true" signature="tearDown()[pri:0, instance:timberworld.tests.SubmitOrderTest@69f1a286]" started-at="2024-06-20T13:55:20Z" name="tearDown" finished-at="2024-06-20T13:55:20Z" duration-ms="122" status="PASS">
          <reporter-output>
          </reporter-output>
        </test-method> <!-- tearDown -->
      </class> <!-- timberworld.tests.SubmitOrderTest -->
    </test> <!-- Submit Order Test -->
    <test started-at="2024-06-20T11:55:20Z" name="Submit Order Test2" finished-at="2024-06-20T11:55:28Z" duration-ms="7168">
      <class name="timberworld.tests.SubmitOrder2Test">
        <test-method is-config="true" signature="launchApplication()[pri:0, instance:timberworld.tests.SubmitOrder2Test@1b75c2e3]" started-at="2024-06-20T13:55:20Z" name="launchApplication" finished-at="2024-06-20T13:55:23Z" duration-ms="2370" status="PASS">
          <reporter-output>
          </reporter-output>
        </test-method> <!-- launchApplication -->
        <test-method signature="SubmitOrder2(java.lang.String, java.lang.String, java.lang.String, java.lang.String, java.lang.String, java.lang.String, java.lang.String)[pri:0, instance:timberworld.tests.SubmitOrder2Test@1b75c2e3]" started-at="2024-06-20T13:55:23Z" name="SubmitOrder2" data-provider="getData" finished-at="2024-06-20T13:55:27Z" duration-ms="4705" status="PASS">
          <params>
            <param index="0">
              <value>
                <![CDATA[bernagokcebilge@gmail.com]]>
              </value>
            </param>
            <param index="1">
              <value>
                <![CDATA[Abcd1234]]>
              </value>
            </param>
            <param index="2">
              <value>
                <![CDATA[Incanto Italian Attitude Couches Sofa]]>
              </value>
            </param>
            <param index="3">
              <value>
                <![CDATA[berna]]>
              </value>
            </param>
            <param index="4">
              <value>
                <![CDATA[44444]]>
              </value>
            </param>
            <param index="5">
              <value>
                <![CDATA[01/28]]>
              </value>
            </param>
            <param index="6">
              <value>
                <![CDATA[111]]>
              </value>
            </param>
          </params>
          <reporter-output>
          </reporter-output>
        </test-method> <!-- SubmitOrder2 -->
        <test-method is-config="true" signature="tearDown()[pri:0, instance:timberworld.tests.SubmitOrder2Test@1b75c2e3]" started-at="2024-06-20T13:55:27Z" name="tearDown" finished-at="2024-06-20T13:55:28Z" duration-ms="91" status="PASS">
          <reporter-output>
          </reporter-output>
        </test-method> <!-- tearDown -->
      </class> <!-- timberworld.tests.SubmitOrder2Test -->
    </test> <!-- Submit Order Test2 -->
    <test started-at="2024-06-20T11:55:28Z" name="Error Validation Tests" finished-at="2024-06-20T11:55:37Z" duration-ms="9223">
      <class name="timberworld.tests.ErrorValidation2Test">
        <test-method is-config="true" signature="launchApplication()[pri:0, instance:timberworld.tests.ErrorValidation2Test@74bf1791]" started-at="2024-06-20T13:55:30Z" name="launchApplication" finished-at="2024-06-20T13:55:32Z" duration-ms="2037" status="PASS">
          <reporter-output>
          </reporter-output>
        </test-method> <!-- launchApplication -->
        <test-method signature="ErrorValidation2(java.lang.String, java.lang.String, java.lang.String, java.lang.String, java.lang.String, java.lang.String, java.lang.String)[pri:0, instance:timberworld.tests.ErrorValidation2Test@74bf1791]" started-at="2024-06-20T13:55:32Z" name="ErrorValidation2" data-provider="getData" finished-at="2024-06-20T13:55:37Z" duration-ms="4269" status="PASS">
          <params>
            <param index="0">
              <value>
                <![CDATA[bernagokcebilge@gmail.com]]>
              </value>
            </param>
            <param index="1">
              <value>
                <![CDATA[Abcd1234]]>
              </value>
            </param>
            <param index="2">
              <value>
                <![CDATA[Queen Bed]]>
              </value>
            </param>
            <param index="3">
              <value>
                <![CDATA[berna]]>
              </value>
            </param>
            <param index="4">
              <value>
                <![CDATA[44444]]>
              </value>
            </param>
            <param index="5">
              <value>
                <![CDATA[01/28]]>
              </value>
            </param>
            <param index="6">
              <value>
                <![CDATA[111]]>
              </value>
            </param>
          </params>
          <reporter-output>
          </reporter-output>
        </test-method> <!-- ErrorValidation2 -->
        <test-method is-config="true" signature="tearDown()[pri:0, instance:timberworld.tests.ErrorValidation2Test@74bf1791]" started-at="2024-06-20T13:55:37Z" name="tearDown" finished-at="2024-06-20T13:55:37Z" duration-ms="96" status="PASS">
          <reporter-output>
          </reporter-output>
        </test-method> <!-- tearDown -->
      </class> <!-- timberworld.tests.ErrorValidation2Test -->
      <class name="timberworld.tests.ErrorValidationTest">
        <test-method is-config="true" signature="launchApplication()[pri:0, instance:timberworld.tests.ErrorValidationTest@19c65cdc]" started-at="2024-06-20T13:55:28Z" name="launchApplication" finished-at="2024-06-20T13:55:30Z" duration-ms="2041" status="PASS">
          <reporter-output>
          </reporter-output>
        </test-method> <!-- launchApplication -->
        <test-method signature="ErrorValidation()[pri:0, instance:timberworld.tests.ErrorValidationTest@19c65cdc]" started-at="2024-06-20T13:55:30Z" name="ErrorValidation" finished-at="2024-06-20T13:55:30Z" duration-ms="684" status="PASS">
          <reporter-output>
          </reporter-output>
        </test-method> <!-- ErrorValidation -->
        <test-method is-config="true" signature="tearDown()[pri:0, instance:timberworld.tests.ErrorValidationTest@19c65cdc]" started-at="2024-06-20T13:55:30Z" name="tearDown" finished-at="2024-06-20T13:55:30Z" duration-ms="95" status="PASS">
          <reporter-output>
          </reporter-output>
        </test-method> <!-- tearDown -->
      </class> <!-- timberworld.tests.ErrorValidationTest -->
    </test> <!-- Error Validation Tests -->
  </suite> <!-- Suite -->
</testng-results>
